0 verbose cli /usr/bin/node /usr/bin/npm
1 info using npm@11.16.0
2 info using node@v24.15.0
3 silly config load:file:/usr/share/nodejs/npm/npmrc
4 silly config load:file:/home/gowtham/QR/.npmrc
5 silly config load:file:/home/gowtham/.npmrc
6 silly config load:file:/etc/npmrc
7 verbose title npm install express mangoose body-parser ejs qrcode multer
8 verbose argv "install" "express" "mangoose" "body-parser" "ejs" "qrcode" "multer"
9 verbose logfile logs-max:10 dir:/home/gowtham/.npm/_logs/2026-06-10T12_14_21_967Z-
10 verbose logfile /home/gowtham/.npm/_logs/2026-06-10T12_14_21_967Z-debug-0.log
11 silly logfile done cleaning log files
12 silly packumentCache heap:1134297088 maxSize:283574272 maxEntrySize:141787136
13 silly idealTree buildDeps
14 silly fetch manifest express@*
15 silly packumentCache full:https://registry.npmjs.org/express cache-miss
16 http fetch GET 200 https://registry.npmjs.org/express 1788ms (cache miss)
17 silly packumentCache full:https://registry.npmjs.org/express set size:undefined disposed:false
18 silly fetch manifest mangoose@*
19 silly packumentCache full:https://registry.npmjs.org/mangoose cache-miss
20 http fetch GET 404 https://registry.npmjs.org/mangoose 768ms (cache skip)
21 silly fetch manifest body-parser@*
22 silly packumentCache full:https://registry.npmjs.org/body-parser cache-miss
23 http fetch GET 200 https://registry.npmjs.org/body-parser 231ms (cache miss)
24 silly packumentCache full:https://registry.npmjs.org/body-parser set size:undefined disposed:false
25 silly fetch manifest ejs@*
26 silly packumentCache full:https://registry.npmjs.org/ejs cache-miss
27 http fetch GET 200 https://registry.npmjs.org/ejs 229ms (cache miss)
28 silly packumentCache full:https://registry.npmjs.org/ejs set size:undefined disposed:false
29 silly fetch manifest qrcode@*
30 silly packumentCache full:https://registry.npmjs.org/qrcode cache-miss
31 http fetch GET 200 https://registry.npmjs.org/qrcode 491ms (cache miss)
32 silly packumentCache full:https://registry.npmjs.org/qrcode set size:undefined disposed:false
33 silly fetch manifest multer@*
34 silly packumentCache full:https://registry.npmjs.org/multer cache-miss
35 http fetch GET 200 https://registry.npmjs.org/multer 538ms (cache miss)
36 silly packumentCache full:https://registry.npmjs.org/multer set size:undefined disposed:false
37 silly placeDep ROOT body-parser@2.2.2 OK for: qr@1.0.0 want: *
38 silly placeDep ROOT ejs@6.0.1 OK for: qr@1.0.0 want: *
39 silly placeDep ROOT express@5.2.1 OK for: qr@1.0.0 want: *
40 silly placeDep ROOT mangoose@ OK for: qr@1.0.0 want: *
41 silly placeDep ROOT multer@2.1.1 OK for: qr@1.0.0 want: *
42 silly placeDep ROOT qrcode@1.5.4 OK for: qr@1.0.0 want: *
43 silly fetch manifest qs@^6.14.1
44 silly packumentCache full:https://registry.npmjs.org/qs cache-miss
45 silly fetch manifest bytes@^3.1.2
46 silly packumentCache full:https://registry.npmjs.org/bytes cache-miss
47 silly fetch manifest debug@^4.4.3
48 silly packumentCache full:https://registry.npmjs.org/debug cache-miss
49 http fetch GET 200 https://registry.npmjs.org/qs 368ms (cache miss)
50 silly packumentCache full:https://registry.npmjs.org/qs set size:undefined disposed:false
51 silly fetch manifest type-is@^2.0.1
52 silly packumentCache full:https://registry.npmjs.org/type-is cache-miss
53 http fetch GET 200 https://registry.npmjs.org/bytes 1076ms (cache miss)
54 silly packumentCache full:https://registry.npmjs.org/bytes set size:undefined disposed:false
55 silly fetch manifest raw-body@^3.0.1
56 silly packumentCache full:https://registry.npmjs.org/raw-body cache-miss
57 http fetch GET 200 https://registry.npmjs.org/debug 1109ms (cache miss)
58 silly packumentCache full:https://registry.npmjs.org/debug set size:undefined disposed:false
59 silly fetch manifest iconv-lite@^0.7.0
60 silly packumentCache full:https://registry.npmjs.org/iconv-lite cache-miss
61 http fetch GET 200 https://registry.npmjs.org/type-is 773ms (cache miss)
62 silly packumentCache full:https://registry.npmjs.org/type-is set size:undefined disposed:false
63 silly fetch manifest http-errors@^2.0.0
64 silly packumentCache full:https://registry.npmjs.org/http-errors cache-miss
65 http fetch GET 200 https://registry.npmjs.org/iconv-lite 139ms (cache miss)
66 silly packumentCache full:https://registry.npmjs.org/iconv-lite set size:undefined disposed:false
67 silly fetch manifest on-finished@^2.4.1
68 silly packumentCache full:https://registry.npmjs.org/on-finished cache-miss
69 http fetch GET 200 https://registry.npmjs.org/on-finished 423ms (cache miss)
70 silly packumentCache full:https://registry.npmjs.org/on-finished set size:undefined disposed:false
71 silly fetch manifest content-type@^1.0.5
72 silly packumentCache full:https://registry.npmjs.org/content-type cache-miss
73 http fetch GET 200 https://registry.npmjs.org/raw-body 619ms (cache miss)
74 silly packumentCache full:https://registry.npmjs.org/raw-body set size:undefined disposed:false
75 silly fetch manifest qs@^6.14.0
76 silly packumentCache full:https://registry.npmjs.org/qs cache-miss
77 http cache https://registry.npmjs.org/qs 18ms (cache hit)
78 silly packumentCache full:https://registry.npmjs.org/qs set size:356906 disposed:false
79 silly fetch manifest depd@^2.0.0
80 silly packumentCache full:https://registry.npmjs.org/depd cache-miss
81 http fetch GET 200 https://registry.npmjs.org/depd 189ms (cache miss)
82 silly packumentCache full:https://registry.npmjs.org/depd set size:undefined disposed:false
83 silly fetch manifest etag@^1.8.1
84 silly packumentCache full:https://registry.npmjs.org/etag cache-miss
85 http fetch GET 200 https://registry.npmjs.org/http-errors 1041ms (cache miss)
86 silly packumentCache full:https://registry.npmjs.org/http-errors set size:undefined disposed:false
87 silly fetch manifest once@^1.4.0
88 silly packumentCache full:https://registry.npmjs.org/once cache-miss
89 http fetch GET 200 https://registry.npmjs.org/etag 334ms (cache miss)
90 silly packumentCache full:https://registry.npmjs.org/etag set size:undefined disposed:false
91 silly fetch manifest send@^1.1.0
92 silly packumentCache full:https://registry.npmjs.org/send cache-miss
93 http fetch GET 200 https://registry.npmjs.org/content-type 799ms (cache miss)
94 silly packumentCache full:https://registry.npmjs.org/content-type set size:undefined disposed:false
95 silly fetch manifest vary@^1.1.2
96 silly packumentCache full:https://registry.npmjs.org/vary cache-miss
97 http fetch GET 200 https://registry.npmjs.org/send 552ms (cache miss)
98 silly packumentCache full:https://registry.npmjs.org/send set size:undefined disposed:false
99 silly fetch manifest debug@^4.4.0
100 silly packumentCache full:https://registry.npmjs.org/debug cache-miss
101 http cache https://registry.npmjs.org/debug 17ms (cache hit)
102 silly packumentCache full:https://registry.npmjs.org/debug set size:195840 disposed:false
103 silly fetch manifest fresh@^2.0.0
104 silly packumentCache full:https://registry.npmjs.org/fresh cache-miss
105 http fetch GET 200 https://registry.npmjs.org/once 641ms (cache miss)
106 silly packumentCache full:https://registry.npmjs.org/once set size:undefined disposed:false
107 silly fetch manifest cookie@^0.7.1
108 silly packumentCache full:https://registry.npmjs.org/cookie cache-miss
109 http fetch GET 200 https://registry.npmjs.org/fresh 113ms (cache miss)
110 silly packumentCache full:https://registry.npmjs.org/fresh set size:undefined disposed:false
111 silly fetch manifest router@^2.2.0
112 silly packumentCache full:https://registry.npmjs.org/router cache-miss
113 http fetch GET 200 https://registry.npmjs.org/vary 512ms (cache miss)
114 silly packumentCache full:https://registry.npmjs.org/vary set size:undefined disposed:false
115 silly fetch manifest accepts@^2.0.0
116 silly packumentCache full:https://registry.npmjs.org/accepts cache-miss
117 http fetch GET 200 https://registry.npmjs.org/cookie 475ms (cache miss)
118 silly packumentCache full:https://registry.npmjs.org/cookie set size:undefined disposed:false
119 silly fetch manifest parseurl@^1.3.3
120 silly packumentCache full:https://registry.npmjs.org/parseurl cache-miss
121 http fetch GET 200 https://registry.npmjs.org/router 484ms (cache miss)
122 silly packumentCache full:https://registry.npmjs.org/router set size:undefined disposed:false
123 silly fetch manifest statuses@^2.0.1
124 silly packumentCache full:https://registry.npmjs.org/statuses cache-miss
125 http fetch GET 200 https://registry.npmjs.org/accepts 804ms (cache miss)
126 silly packumentCache full:https://registry.npmjs.org/accepts set size:undefined disposed:false
127 silly fetch manifest encodeurl@^2.0.0
128 silly packumentCache full:https://registry.npmjs.org/encodeurl cache-miss
129 http fetch GET 200 https://registry.npmjs.org/parseurl 530ms (cache miss)
130 silly packumentCache full:https://registry.npmjs.org/parseurl set size:undefined disposed:false
131 silly fetch manifest mime-types@^3.0.0
132 silly packumentCache full:https://registry.npmjs.org/mime-types cache-miss
133 http fetch GET 200 https://registry.npmjs.org/encodeurl 140ms (cache miss)
134 silly packumentCache full:https://registry.npmjs.org/encodeurl set size:undefined disposed:false
135 silly fetch manifest proxy-addr@^2.0.7
136 silly packumentCache full:https://registry.npmjs.org/proxy-addr cache-miss
137 http fetch GET 200 https://registry.npmjs.org/mime-types 131ms (cache miss)
138 silly packumentCache full:https://registry.npmjs.org/mime-types set size:undefined disposed:false
139 silly fetch manifest escape-html@^1.0.3
140 silly packumentCache full:https://registry.npmjs.org/escape-html cache-miss
141 http fetch GET 200 https://registry.npmjs.org/escape-html 105ms (cache miss)
142 silly packumentCache full:https://registry.npmjs.org/escape-html set size:undefined disposed:false
143 silly fetch manifest finalhandler@^2.1.0
144 silly packumentCache full:https://registry.npmjs.org/finalhandler cache-miss
145 http fetch GET 200 https://registry.npmjs.org/proxy-addr 130ms (cache miss)
146 silly packumentCache full:https://registry.npmjs.org/proxy-addr set size:undefined disposed:false
147 silly fetch manifest range-parser@^1.2.1
148 silly packumentCache full:https://registry.npmjs.org/range-parser cache-miss
149 http fetch GET 200 https://registry.npmjs.org/statuses 1008ms (cache miss)
150 silly packumentCache full:https://registry.npmjs.org/statuses set size:undefined disposed:false
151 silly fetch manifest serve-static@^2.2.0
152 silly packumentCache full:https://registry.npmjs.org/serve-static cache-miss
153 http fetch GET 200 https://registry.npmjs.org/range-parser 370ms (cache miss)
154 silly packumentCache full:https://registry.npmjs.org/range-parser set size:undefined disposed:false
155 silly fetch manifest cookie-signature@^1.2.1
156 silly packumentCache full:https://registry.npmjs.org/cookie-signature cache-miss
157 http fetch GET 200 https://registry.npmjs.org/finalhandler 384ms (cache miss)
158 silly packumentCache full:https://registry.npmjs.org/finalhandler set size:undefined disposed:false
159 silly fetch manifest merge-descriptors@^2.0.0
160 silly packumentCache full:https://registry.npmjs.org/merge-descriptors cache-miss
161 http fetch GET 200 https://registry.npmjs.org/cookie-signature 95ms (cache miss)
162 silly packumentCache full:https://registry.npmjs.org/cookie-signature set size:undefined disposed:false
163 silly fetch manifest content-disposition@^1.0.0
164 silly packumentCache full:https://registry.npmjs.org/content-disposition cache-miss
165 http fetch GET 200 https://registry.npmjs.org/merge-descriptors 91ms (cache miss)
166 silly packumentCache full:https://registry.npmjs.org/merge-descriptors set size:undefined disposed:false
167 silly fetch manifest append-field@^1.0.0
168 silly packumentCache full:https://registry.npmjs.org/append-field cache-miss
169 http fetch GET 200 https://registry.npmjs.org/serve-static 137ms (cache miss)
170 silly packumentCache full:https://registry.npmjs.org/serve-static set size:undefined disposed:false
171 silly fetch manifest busboy@^1.6.0
172 silly packumentCache full:https://registry.npmjs.org/busboy cache-miss
173 http fetch GET 200 https://registry.npmjs.org/content-disposition 95ms (cache miss)
174 silly packumentCache full:https://registry.npmjs.org/content-disposition set size:undefined disposed:false
175 silly fetch manifest concat-stream@^2.0.0
176 silly packumentCache full:https://registry.npmjs.org/concat-stream cache-miss
177 http fetch GET 200 https://registry.npmjs.org/concat-stream 58ms (cache miss)
178 silly packumentCache full:https://registry.npmjs.org/concat-stream set size:undefined disposed:false
179 silly fetch manifest type-is@^1.6.18
180 silly packumentCache full:https://registry.npmjs.org/type-is cache-miss
181 http cache https://registry.npmjs.org/type-is 11ms (cache hit)
182 silly packumentCache full:https://registry.npmjs.org/type-is set size:88614 disposed:false
183 silly fetch manifest pngjs@^5.0.0
184 silly packumentCache full:https://registry.npmjs.org/pngjs cache-miss
185 http fetch GET 200 https://registry.npmjs.org/busboy 336ms (cache miss)
186 silly packumentCache full:https://registry.npmjs.org/busboy set size:undefined disposed:false
187 silly fetch manifest yargs@^15.3.1
188 silly packumentCache full:https://registry.npmjs.org/yargs cache-miss
189 http fetch GET 200 https://registry.npmjs.org/append-field 386ms (cache miss)
190 silly packumentCache full:https://registry.npmjs.org/append-field set size:undefined disposed:false
191 silly fetch manifest dijkstrajs@^1.0.1
192 silly packumentCache full:https://registry.npmjs.org/dijkstrajs cache-miss
193 http fetch GET 200 https://registry.npmjs.org/pngjs 416ms (cache miss)
194 silly packumentCache full:https://registry.npmjs.org/pngjs set size:undefined disposed:false
195 http fetch GET 200 https://registry.npmjs.org/yargs 362ms (cache miss)
196 silly packumentCache full:https://registry.npmjs.org/yargs set size:undefined disposed:false
197 http fetch GET 200 https://registry.npmjs.org/dijkstrajs 913ms (cache miss)
198 silly packumentCache full:https://registry.npmjs.org/dijkstrajs set size:undefined disposed:false
199 silly placeDep ROOT bytes@3.1.2 OK for: body-parser@2.2.2 want: ^3.1.2
200 silly placeDep ROOT content-type@1.0.5 OK for: body-parser@2.2.2 want: ^1.0.5
201 silly placeDep ROOT debug@4.4.3 OK for: body-parser@2.2.2 want: ^4.4.3
202 silly placeDep ROOT http-errors@2.0.1 OK for: body-parser@2.2.2 want: ^2.0.0
203 silly placeDep ROOT iconv-lite@0.7.2 OK for: body-parser@2.2.2 want: ^0.7.0
204 silly placeDep ROOT on-finished@2.4.1 OK for: body-parser@2.2.2 want: ^2.4.1
205 silly placeDep ROOT qs@6.15.2 OK for: body-parser@2.2.2 want: ^6.14.1
206 silly placeDep ROOT raw-body@3.0.2 OK for: body-parser@2.2.2 want: ^3.0.1
207 silly placeDep ROOT type-is@2.1.0 OK for: body-parser@2.2.2 want: ^2.0.1
208 silly fetch manifest ms@^2.1.3
209 silly packumentCache full:https://registry.npmjs.org/ms cache-miss
210 silly fetch manifest depd@~2.0.0
211 silly packumentCache full:https://registry.npmjs.org/depd cache-miss
212 silly fetch manifest inherits@~2.0.4
213 silly packumentCache full:https://registry.npmjs.org/inherits cache-miss
214 http cache https://registry.npmjs.org/depd 14ms (cache hit)
215 silly packumentCache full:https://registry.npmjs.org/depd set size:40182 disposed:false
216 silly fetch manifest setprototypeof@~1.2.0
217 silly packumentCache full:https://registry.npmjs.org/setprototypeof cache-miss
218 http fetch GET 200 https://registry.npmjs.org/ms 128ms (cache miss)
219 silly packumentCache full:https://registry.npmjs.org/ms set size:undefined disposed:false
220 silly fetch manifest statuses@~2.0.2
221 silly packumentCache full:https://registry.npmjs.org/statuses cache-miss
222 http cache https://registry.npmjs.org/statuses 13ms (cache hit)
223 silly packumentCache full:https://registry.npmjs.org/statuses set size:37117 disposed:false
224 silly fetch manifest toidentifier@~1.0.1
225 silly packumentCache full:https://registry.npmjs.org/toidentifier cache-miss
226 http fetch GET 200 https://registry.npmjs.org/setprototypeof 138ms (cache miss)
227 silly packumentCache full:https://registry.npmjs.org/setprototypeof set size:undefined disposed:false
228 silly fetch manifest safer-buffer@>= 2.1.2 < 3.0.0
229 silly packumentCache full:https://registry.npmjs.org/safer-buffer cache-miss
230 http fetch GET 200 https://registry.npmjs.org/toidentifier 81ms (cache miss)
231 silly packumentCache full:https://registry.npmjs.org/toidentifier set size:undefined disposed:false
232 silly fetch manifest ee-first@1.1.1
233 silly packumentCache full:https://registry.npmjs.org/ee-first cache-miss
234 http fetch GET 200 https://registry.npmjs.org/safer-buffer 80ms (cache miss)
235 silly packumentCache full:https://registry.npmjs.org/safer-buffer set size:undefined disposed:false
236 silly fetch manifest side-channel@^1.1.0
237 silly packumentCache full:https://registry.npmjs.org/side-channel cache-miss
238 http fetch GET 200 https://registry.npmjs.org/inherits 488ms (cache miss)
239 silly packumentCache full:https://registry.npmjs.org/inherits set size:undefined disposed:false
240 silly fetch manifest unpipe@~1.0.0
241 silly packumentCache full:https://registry.npmjs.org/unpipe cache-miss
242 http fetch GET 200 https://registry.npmjs.org/ee-first 262ms (cache miss)
243 silly packumentCache full:https://registry.npmjs.org/ee-first set size:undefined disposed:false
244 silly fetch manifest content-type@^2.0.0
245 silly packumentCache full:https://registry.npmjs.org/content-type cache-miss
246 http fetch GET 200 https://registry.npmjs.org/side-channel 268ms (cache miss)
247 silly packumentCache full:https://registry.npmjs.org/side-channel set size:undefined disposed:false
248 silly fetch manifest media-typer@^1.1.0
249 silly packumentCache full:https://registry.npmjs.org/media-typer cache-miss
250 http cache https://registry.npmjs.org/content-type 19ms (cache hit)
251 silly packumentCache full:https://registry.npmjs.org/content-type set size:18994 disposed:false
252 http fetch GET 200 https://registry.npmjs.org/unpipe 176ms (cache miss)
253 silly packumentCache full:https://registry.npmjs.org/unpipe set size:undefined disposed:false
254 http fetch GET 200 https://registry.npmjs.org/media-typer 1213ms (cache miss)
255 silly packumentCache full:https://registry.npmjs.org/media-typer set size:undefined disposed:false
256 silly placeDep ROOT ms@2.1.3 OK for: debug@4.4.3 want: ^2.1.3
257 silly placeDep ROOT accepts@2.0.0 OK for: express@5.2.1 want: ^2.0.0
258 silly placeDep ROOT content-disposition@1.1.0 OK for: express@5.2.1 want: ^1.0.0
259 silly placeDep ROOT cookie@0.7.2 OK for: express@5.2.1 want: ^0.7.1
260 silly placeDep ROOT cookie-signature@1.2.2 OK for: express@5.2.1 want: ^1.2.1
261 silly placeDep ROOT depd@2.0.0 OK for: express@5.2.1 want: ^2.0.0
262 silly placeDep ROOT encodeurl@2.0.0 OK for: express@5.2.1 want: ^2.0.0
263 silly placeDep ROOT escape-html@1.0.3 OK for: express@5.2.1 want: ^1.0.3
264 silly placeDep ROOT etag@1.8.1 OK for: express@5.2.1 want: ^1.8.1
265 silly placeDep ROOT finalhandler@2.1.1 OK for: express@5.2.1 want: ^2.1.0
266 silly placeDep ROOT fresh@2.0.0 OK for: express@5.2.1 want: ^2.0.0
267 silly placeDep ROOT merge-descriptors@2.0.0 OK for: express@5.2.1 want: ^2.0.0
268 silly placeDep ROOT mime-types@3.0.2 OK for: express@5.2.1 want: ^3.0.0
269 silly placeDep ROOT once@1.4.0 OK for: express@5.2.1 want: ^1.4.0
270 silly placeDep ROOT parseurl@1.3.3 OK for: express@5.2.1 want: ^1.3.3
271 silly placeDep ROOT proxy-addr@2.0.7 OK for: express@5.2.1 want: ^2.0.7
272 silly placeDep ROOT range-parser@1.2.1 OK for: express@5.2.1 want: ^1.2.1
273 silly placeDep ROOT router@2.2.0 OK for: express@5.2.1 want: ^2.2.0
274 silly placeDep ROOT send@1.2.1 OK for: express@5.2.1 want: ^1.1.0
275 silly placeDep ROOT serve-static@2.2.1 OK for: express@5.2.1 want: ^2.2.0
276 silly placeDep ROOT statuses@2.0.2 OK for: express@5.2.1 want: ^2.0.1
277 silly placeDep ROOT vary@1.1.2 OK for: express@5.2.1 want: ^1.1.2
278 silly fetch manifest negotiator@^1.0.0
279 silly packumentCache full:https://registry.npmjs.org/negotiator cache-miss
280 silly fetch manifest mime-db@^1.54.0
281 silly packumentCache full:https://registry.npmjs.org/mime-db cache-miss
282 silly fetch manifest wrappy@1
283 silly packumentCache full:https://registry.npmjs.org/wrappy cache-miss
284 http fetch GET 200 https://registry.npmjs.org/negotiator 316ms (cache miss)
285 silly packumentCache full:https://registry.npmjs.org/negotiator set size:undefined disposed:false
286 silly fetch manifest forwarded@0.2.0
287 silly packumentCache full:https://registry.npmjs.org/forwarded cache-miss
288 http fetch GET 200 https://registry.npmjs.org/mime-db 347ms (cache miss)
289 silly packumentCache full:https://registry.npmjs.org/mime-db set size:undefined disposed:false
290 silly fetch manifest ipaddr.js@1.9.1
291 silly packumentCache full:https://registry.npmjs.org/ipaddr.js cache-miss
292 http fetch GET 200 https://registry.npmjs.org/forwarded 65ms (cache miss)
293 silly packumentCache full:https://registry.npmjs.org/forwarded set size:undefined disposed:false
294 silly fetch manifest is-promise@^4.0.0
295 silly packumentCache full:https://registry.npmjs.org/is-promise cache-miss
296 http fetch GET 200 https://registry.npmjs.org/ipaddr.js 95ms (cache miss)
297 silly packumentCache full:https://registry.npmjs.org/ipaddr.js set size:undefined disposed:false
298 silly fetch manifest path-to-regexp@^8.0.0
299 silly packumentCache full:https://registry.npmjs.org/path-to-regexp cache-miss
300 http fetch GET 200 https://registry.npmjs.org/wrappy 586ms (cache miss)
301 silly packumentCache full:https://registry.npmjs.org/wrappy set size:undefined disposed:false
302 silly fetch manifest statuses@^2.0.2
303 silly packumentCache full:https://registry.npmjs.org/statuses cache-hit
304 http fetch GET 200 https://registry.npmjs.org/is-promise 264ms (cache miss)
305 silly packumentCache full:https://registry.npmjs.org/is-promise set size:undefined disposed:false
306 http fetch GET 200 https://registry.npmjs.org/path-to-regexp 244ms (cache miss)
307 silly packumentCache full:https://registry.npmjs.org/path-to-regexp set size:undefined disposed:false
308 silly placeDep ROOT negotiator@1.0.0 OK for: accepts@2.0.0 want: ^1.0.0
309 silly placeDep ROOT inherits@2.0.4 OK for: http-errors@2.0.1 want: ~2.0.4
310 silly placeDep ROOT setprototypeof@1.2.0 OK for: http-errors@2.0.1 want: ~1.2.0
311 silly placeDep ROOT toidentifier@1.0.1 OK for: http-errors@2.0.1 want: ~1.0.1
312 silly placeDep ROOT safer-buffer@2.1.2 OK for: iconv-lite@0.7.2 want: >= 2.1.2 < 3.0.0
313 silly placeDep ROOT mime-db@1.54.0 OK for: mime-types@3.0.2 want: ^1.54.0
314 silly placeDep ROOT append-field@1.0.0 OK for: multer@2.1.1 want: ^1.0.0
315 silly placeDep ROOT busboy@1.6.0 OK for: multer@2.1.1 want: ^1.6.0
316 silly placeDep ROOT concat-stream@2.0.0 OK for: multer@2.1.1 want: ^2.0.0
317 silly placeDep node_modules/multer type-is@1.6.18 OK for: multer@2.1.1 want: ^1.6.18
318 silly fetch manifest streamsearch@^1.1.0
319 silly packumentCache full:https://registry.npmjs.org/streamsearch cache-miss
320 silly fetch manifest buffer-from@^1.0.0
321 silly packumentCache full:https://registry.npmjs.org/buffer-from cache-miss
322 silly fetch manifest readable-stream@^3.0.2
323 silly packumentCache full:https://registry.npmjs.org/readable-stream cache-miss
324 http fetch GET 200 https://registry.npmjs.org/buffer-from 274ms (cache miss)
325 silly packumentCache full:https://registry.npmjs.org/buffer-from set size:undefined disposed:false
326 silly fetch manifest typedarray@^0.0.6
327 silly packumentCache full:https://registry.npmjs.org/typedarray cache-miss
328 http fetch GET 200 https://registry.npmjs.org/typedarray 409ms (cache miss)
329 silly packumentCache full:https://registry.npmjs.org/typedarray set size:undefined disposed:false
330 silly fetch manifest mime-types@~2.1.24
331 silly packumentCache full:https://registry.npmjs.org/mime-types cache-miss
332 http fetch GET 200 https://registry.npmjs.org/streamsearch 691ms (cache miss)
333 silly packumentCache full:https://registry.npmjs.org/streamsearch set size:undefined disposed:false
334 silly fetch manifest media-typer@0.3.0
335 silly packumentCache full:https://registry.npmjs.org/media-typer cache-miss
336 http cache https://registry.npmjs.org/mime-types 13ms (cache hit)
337 silly packumentCache full:https://registry.npmjs.org/mime-types set size:139110 disposed:false
338 http fetch GET 200 https://registry.npmjs.org/readable-stream 704ms (cache miss)
339 silly packumentCache full:https://registry.npmjs.org/readable-stream set size:undefined disposed:false
340 http cache https://registry.npmjs.org/media-typer 20ms (cache hit)
341 silly packumentCache full:https://registry.npmjs.org/media-typer set size:22678 disposed:false
342 silly placeDep ROOT streamsearch@1.1.0 OK for: busboy@1.6.0 want: ^1.1.0
343 silly placeDep ROOT buffer-from@1.1.2 OK for: concat-stream@2.0.0 want: ^1.0.0
344 silly placeDep ROOT readable-stream@3.6.2 OK for: concat-stream@2.0.0 want: ^3.0.2
345 silly placeDep ROOT typedarray@0.0.6 OK for: concat-stream@2.0.0 want: ^0.0.6
346 silly fetch manifest string_decoder@^1.1.1
347 silly packumentCache full:https://registry.npmjs.org/string_decoder cache-miss
348 silly fetch manifest util-deprecate@^1.0.1
349 silly packumentCache full:https://registry.npmjs.org/util-deprecate cache-miss
350 http fetch GET 200 https://registry.npmjs.org/util-deprecate 274ms (cache miss)
351 silly packumentCache full:https://registry.npmjs.org/util-deprecate set size:undefined disposed:false
352 http fetch GET 200 https://registry.npmjs.org/string_decoder 278ms (cache miss)
353 silly packumentCache full:https://registry.npmjs.org/string_decoder set size:undefined disposed:false
354 silly placeDep ROOT ee-first@1.1.1 OK for: on-finished@2.4.1 want: 1.1.1
355 silly placeDep ROOT wrappy@1.0.2 OK for: once@1.4.0 want: 1
356 silly placeDep ROOT forwarded@0.2.0 OK for: proxy-addr@2.0.7 want: 0.2.0
357 silly placeDep ROOT ipaddr.js@1.9.1 OK for: proxy-addr@2.0.7 want: 1.9.1
358 silly placeDep ROOT dijkstrajs@1.0.3 OK for: qrcode@1.5.4 want: ^1.0.1
359 silly placeDep ROOT pngjs@5.0.0 OK for: qrcode@1.5.4 want: ^5.0.0
360 silly placeDep ROOT yargs@15.4.1 OK for: qrcode@1.5.4 want: ^15.3.1
361 silly fetch manifest y18n@^4.0.0
362 silly packumentCache full:https://registry.npmjs.org/y18n cache-miss
363 silly fetch manifest cliui@^6.0.0
364 silly packumentCache full:https://registry.npmjs.org/cliui cache-miss
365 silly fetch manifest find-up@^4.1.0
366 silly packumentCache full:https://registry.npmjs.org/find-up cache-miss
367 http fetch GET 200 https://registry.npmjs.org/find-up 373ms (cache miss)
368 silly packumentCache full:https://registry.npmjs.org/find-up set size:undefined disposed:false
369 silly fetch manifest decamelize@^1.2.0
370 silly packumentCache full:https://registry.npmjs.org/decamelize cache-miss
371 http fetch GET 200 https://registry.npmjs.org/y18n 377ms (cache miss)
372 silly packumentCache full:https://registry.npmjs.org/y18n set size:undefined disposed:false
373 silly fetch manifest set-blocking@^2.0.0
374 silly packumentCache full:https://registry.npmjs.org/set-blocking cache-miss
375 http fetch GET 200 https://registry.npmjs.org/cliui 382ms (cache miss)
376 silly packumentCache full:https://registry.npmjs.org/cliui set size:undefined disposed:false
377 silly fetch manifest string-width@^4.2.0
378 silly packumentCache full:https://registry.npmjs.org/string-width cache-miss
379 http fetch GET 200 https://registry.npmjs.org/decamelize 268ms (cache miss)
380 silly packumentCache full:https://registry.npmjs.org/decamelize set size:undefined disposed:false
381 silly fetch manifest which-module@^2.0.0
382 silly packumentCache full:https://registry.npmjs.org/which-module cache-miss
383 http fetch GET 200 https://registry.npmjs.org/string-width 305ms (cache miss)
384 silly packumentCache full:https://registry.npmjs.org/string-width set size:undefined disposed:false
385 silly fetch manifest yargs-parser@^18.1.2
386 silly packumentCache full:https://registry.npmjs.org/yargs-parser cache-miss
387 http fetch GET 200 https://registry.npmjs.org/yargs-parser 117ms (cache miss)
388 silly packumentCache full:https://registry.npmjs.org/yargs-parser set size:undefined disposed:false
389 silly fetch manifest get-caller-file@^2.0.1
390 silly packumentCache full:https://registry.npmjs.org/get-caller-file cache-miss
391 http fetch GET 200 https://registry.npmjs.org/get-caller-file 185ms (cache miss)
392 silly packumentCache full:https://registry.npmjs.org/get-caller-file set size:undefined disposed:false
393 silly fetch manifest require-directory@^2.1.1
394 silly packumentCache full:https://registry.npmjs.org/require-directory cache-miss
395 http fetch GET 200 https://registry.npmjs.org/set-blocking 628ms (cache miss)
396 silly packumentCache full:https://registry.npmjs.org/set-blocking set size:undefined disposed:false
397 silly fetch manifest require-main-filename@^2.0.0
398 silly packumentCache full:https://registry.npmjs.org/require-main-filename cache-miss
399 http fetch GET 200 https://registry.npmjs.org/require-main-filename 306ms (cache miss)
400 silly packumentCache full:https://registry.npmjs.org/require-main-filename set size:undefined disposed:false
401 http fetch GET 200 https://registry.npmjs.org/which-module 671ms (cache miss)
402 silly packumentCache full:https://registry.npmjs.org/which-module set size:undefined disposed:false
403 http fetch GET 200 https://registry.npmjs.org/require-directory 316ms (cache miss)
404 silly packumentCache full:https://registry.npmjs.org/require-directory set size:undefined disposed:false
405 silly placeDep ROOT side-channel@1.1.1 OK for: qs@6.15.2 want: ^1.1.0
406 silly fetch manifest es-errors@^1.3.0
407 silly packumentCache full:https://registry.npmjs.org/es-errors cache-miss
408 silly fetch manifest object-inspect@^1.13.4
409 silly packumentCache full:https://registry.npmjs.org/object-inspect cache-miss
410 silly fetch manifest side-channel-list@^1.0.1
411 silly packumentCache full:https://registry.npmjs.org/side-channel-list cache-miss
412 http fetch GET 200 https://registry.npmjs.org/side-channel-list 175ms (cache miss)
413 silly packumentCache full:https://registry.npmjs.org/side-channel-list set size:undefined disposed:false
414 silly fetch manifest side-channel-map@^1.0.1
415 silly packumentCache full:https://registry.npmjs.org/side-channel-map cache-miss
416 http fetch GET 200 https://registry.npmjs.org/side-channel-map 58ms (cache miss)
417 silly packumentCache full:https://registry.npmjs.org/side-channel-map set size:undefined disposed:false
418 silly fetch manifest side-channel-weakmap@^1.0.2
419 silly packumentCache full:https://registry.npmjs.org/side-channel-weakmap cache-miss
420 http fetch GET 200 https://registry.npmjs.org/object-inspect 505ms (cache miss)
421 silly packumentCache full:https://registry.npmjs.org/object-inspect set size:undefined disposed:false
422 http fetch GET 200 https://registry.npmjs.org/es-errors 692ms (cache miss)
423 silly packumentCache full:https://registry.npmjs.org/es-errors set size:undefined disposed:false
424 http fetch GET 200 https://registry.npmjs.org/side-channel-weakmap 873ms (cache miss)
425 silly packumentCache full:https://registry.npmjs.org/side-channel-weakmap set size:undefined disposed:false
426 silly placeDep ROOT unpipe@1.0.0 OK for: raw-body@3.0.2 want: ~1.0.0
427 silly placeDep ROOT string_decoder@1.3.0 OK for: readable-stream@3.6.2 want: ^1.1.1
428 silly placeDep ROOT util-deprecate@1.0.2 OK for: readable-stream@3.6.2 want: ^1.0.1
429 silly fetch manifest safe-buffer@~5.2.0
430 silly packumentCache full:https://registry.npmjs.org/safe-buffer cache-miss
431 http fetch GET 200 https://registry.npmjs.org/safe-buffer 188ms (cache miss)
432 silly packumentCache full:https://registry.npmjs.org/safe-buffer set size:undefined disposed:false
433 silly placeDep ROOT is-promise@4.0.0 OK for: router@2.2.0 want: ^4.0.0
434 silly placeDep ROOT path-to-regexp@8.4.2 OK for: router@2.2.0 want: ^8.0.0
435 silly placeDep ROOT es-errors@1.3.0 OK for: side-channel@1.1.1 want: ^1.3.0
436 silly placeDep ROOT object-inspect@1.13.4 OK for: side-channel@1.1.1 want: ^1.13.4
437 silly placeDep ROOT side-channel-list@1.0.1 OK for: side-channel@1.1.1 want: ^1.0.1
438 silly placeDep ROOT side-channel-map@1.0.1 OK for: side-channel@1.1.1 want: ^1.0.1
439 silly placeDep ROOT side-channel-weakmap@1.0.2 OK for: side-channel@1.1.1 want: ^1.0.2
440 silly fetch manifest call-bound@^1.0.2
441 silly packumentCache full:https://registry.npmjs.org/call-bound cache-miss
442 silly fetch manifest get-intrinsic@^1.2.5
443 silly packumentCache full:https://registry.npmjs.org/get-intrinsic cache-miss
444 silly fetch manifest call-bound@^1.0.2
445 silly packumentCache full:https://registry.npmjs.org/call-bound cache-miss
446 http fetch GET 200 https://registry.npmjs.org/call-bound 189ms (cache miss)
447 silly packumentCache full:https://registry.npmjs.org/call-bound set size:undefined disposed:false
448 silly fetch manifest get-intrinsic@^1.2.5
449 silly packumentCache full:https://registry.npmjs.org/get-intrinsic cache-miss
450 http fetch GET 200 https://registry.npmjs.org/call-bound 206ms (cache miss)
451 silly packumentCache full:https://registry.npmjs.org/call-bound set size:undefined disposed:false
452 http fetch GET 200 https://registry.npmjs.org/get-intrinsic 1233ms (cache miss)
453 silly packumentCache full:https://registry.npmjs.org/get-intrinsic set size:undefined disposed:false
454 http fetch GET 200 https://registry.npmjs.org/get-intrinsic 1044ms (cache miss)
455 silly packumentCache full:https://registry.npmjs.org/get-intrinsic set size:undefined disposed:false
456 silly placeDep ROOT call-bound@1.0.4 OK for: side-channel-map@1.0.1 want: ^1.0.2
457 silly placeDep ROOT get-intrinsic@1.3.0 OK for: side-channel-map@1.0.1 want: ^1.2.5
458 silly fetch manifest call-bind-apply-helpers@^1.0.2
459 silly packumentCache full:https://registry.npmjs.org/call-bind-apply-helpers cache-miss
460 silly fetch manifest get-intrinsic@^1.3.0
461 silly packumentCache full:https://registry.npmjs.org/get-intrinsic cache-miss
462 silly fetch manifest gopd@^1.2.0
463 silly packumentCache full:https://registry.npmjs.org/gopd cache-miss
464 http cache https://registry.npmjs.org/get-intrinsic 17ms (cache hit)
465 silly packumentCache full:https://registry.npmjs.org/get-intrinsic set size:60985 disposed:false
466 silly fetch manifest hasown@^2.0.2
467 silly packumentCache full:https://registry.npmjs.org/hasown cache-miss
468 http fetch GET 200 https://registry.npmjs.org/call-bind-apply-helpers 87ms (cache miss)
469 silly packumentCache full:https://registry.npmjs.org/call-bind-apply-helpers set size:undefined disposed:false
470 silly fetch manifest get-proto@^1.0.1
471 silly packumentCache full:https://registry.npmjs.org/get-proto cache-miss
472 http fetch GET 200 https://registry.npmjs.org/gopd 92ms (cache miss)
473 silly packumentCache full:https://registry.npmjs.org/gopd set size:undefined disposed:false
474 silly fetch manifest has-symbols@^1.1.0
475 silly packumentCache full:https://registry.npmjs.org/has-symbols cache-miss
476 http fetch GET 200 https://registry.npmjs.org/hasown 79ms (cache miss)
477 silly packumentCache full:https://registry.npmjs.org/hasown set size:undefined disposed:false
478 silly fetch manifest function-bind@^1.1.2
479 silly packumentCache full:https://registry.npmjs.org/function-bind cache-miss
480 http fetch GET 200 https://registry.npmjs.org/get-proto 117ms (cache miss)
481 silly packumentCache full:https://registry.npmjs.org/get-proto set size:undefined disposed:false
482 silly fetch manifest es-object-atoms@^1.1.1
483 silly packumentCache full:https://registry.npmjs.org/es-object-atoms cache-miss
484 http fetch GET 200 https://registry.npmjs.org/has-symbols 119ms (cache miss)
485 silly packumentCache full:https://registry.npmjs.org/has-symbols set size:undefined disposed:false
486 silly fetch manifest math-intrinsics@^1.1.0
487 silly packumentCache full:https://registry.npmjs.org/math-intrinsics cache-miss
488 http fetch GET 200 https://registry.npmjs.org/es-object-atoms 209ms (cache miss)
489 silly packumentCache full:https://registry.npmjs.org/es-object-atoms set size:undefined disposed:false
490 silly fetch manifest es-define-property@^1.0.1
491 silly packumentCache full:https://registry.npmjs.org/es-define-property cache-miss
492 http fetch GET 200 https://registry.npmjs.org/math-intrinsics 207ms (cache miss)
493 silly packumentCache full:https://registry.npmjs.org/math-intrinsics set size:undefined disposed:false
494 http fetch GET 200 https://registry.npmjs.org/es-define-property 109ms (cache miss)
495 silly packumentCache full:https://registry.npmjs.org/es-define-property set size:undefined disposed:false
496 http fetch GET 200 https://registry.npmjs.org/function-bind 910ms (cache miss)
497 silly packumentCache full:https://registry.npmjs.org/function-bind set size:undefined disposed:false
498 silly placeDep ROOT call-bind-apply-helpers@1.0.2 OK for: call-bound@1.0.4 want: ^1.0.2
499 silly placeDep ROOT function-bind@1.1.2 OK for: call-bind-apply-helpers@1.0.2 want: ^1.1.2
500 silly placeDep ROOT es-define-property@1.0.1 OK for: get-intrinsic@1.3.0 want: ^1.0.1
501 silly placeDep ROOT es-object-atoms@1.1.2 OK for: get-intrinsic@1.3.0 want: ^1.1.1
502 silly placeDep ROOT get-proto@1.0.1 OK for: get-intrinsic@1.3.0 want: ^1.0.1
503 silly placeDep ROOT gopd@1.2.0 OK for: get-intrinsic@1.3.0 want: ^1.2.0
504 silly placeDep ROOT has-symbols@1.1.0 OK for: get-intrinsic@1.3.0 want: ^1.1.0
505 silly placeDep ROOT hasown@2.0.4 OK for: get-intrinsic@1.3.0 want: ^2.0.2
506 silly placeDep ROOT math-intrinsics@1.1.0 OK for: get-intrinsic@1.3.0 want: ^1.1.0
507 silly fetch manifest dunder-proto@^1.0.1
508 silly packumentCache full:https://registry.npmjs.org/dunder-proto cache-miss
509 http fetch GET 200 https://registry.npmjs.org/dunder-proto 507ms (cache miss)
510 silly packumentCache full:https://registry.npmjs.org/dunder-proto set size:undefined disposed:false
511 silly placeDep ROOT dunder-proto@1.0.1 OK for: get-proto@1.0.1 want: ^1.0.1
512 silly placeDep ROOT safe-buffer@5.2.1 OK for: string_decoder@1.3.0 want: ~5.2.0
513 silly placeDep node_modules/type-is content-type@2.0.0 OK for: type-is@2.1.0 want: ^2.0.0
514 silly placeDep ROOT media-typer@1.1.0 OK for: type-is@2.1.0 want: ^1.1.0
515 silly placeDep ROOT cliui@6.0.0 OK for: yargs@15.4.1 want: ^6.0.0
516 silly placeDep ROOT decamelize@1.2.0 OK for: yargs@15.4.1 want: ^1.2.0
517 silly placeDep ROOT find-up@4.1.0 OK for: yargs@15.4.1 want: ^4.1.0
518 silly placeDep ROOT get-caller-file@2.0.5 OK for: yargs@15.4.1 want: ^2.0.1
519 silly placeDep ROOT require-directory@2.1.1 OK for: yargs@15.4.1 want: ^2.1.1
520 silly placeDep ROOT require-main-filename@2.0.0 OK for: yargs@15.4.1 want: ^2.0.0
521 silly placeDep ROOT set-blocking@2.0.0 OK for: yargs@15.4.1 want: ^2.0.0
522 silly placeDep ROOT string-width@4.2.3 OK for: yargs@15.4.1 want: ^4.2.0
523 silly placeDep ROOT which-module@2.0.1 OK for: yargs@15.4.1 want: ^2.0.0
524 silly placeDep ROOT y18n@4.0.3 OK for: yargs@15.4.1 want: ^4.0.0
525 silly placeDep ROOT yargs-parser@18.1.3 OK for: yargs@15.4.1 want: ^18.1.2
526 silly fetch manifest wrap-ansi@^6.2.0
527 silly packumentCache full:https://registry.npmjs.org/wrap-ansi cache-miss
528 silly fetch manifest strip-ansi@^6.0.0
529 silly packumentCache full:https://registry.npmjs.org/strip-ansi cache-miss
530 silly fetch manifest locate-path@^5.0.0
531 silly packumentCache full:https://registry.npmjs.org/locate-path cache-miss
532 http fetch GET 200 https://registry.npmjs.org/wrap-ansi 249ms (cache miss)
533 silly packumentCache full:https://registry.npmjs.org/wrap-ansi set size:undefined disposed:false
534 silly fetch manifest path-exists@^4.0.0
535 silly packumentCache full:https://registry.npmjs.org/path-exists cache-miss
536 http fetch GET 200 https://registry.npmjs.org/locate-path 254ms (cache miss)
537 silly packumentCache full:https://registry.npmjs.org/locate-path set size:undefined disposed:false
538 silly fetch manifest strip-ansi@^6.0.1
539 silly packumentCache full:https://registry.npmjs.org/strip-ansi cache-miss
540 http fetch GET 200 https://registry.npmjs.org/strip-ansi 260ms (cache miss)
541 silly packumentCache full:https://registry.npmjs.org/strip-ansi set size:undefined disposed:false
542 silly fetch manifest emoji-regex@^8.0.0
543 silly packumentCache full:https://registry.npmjs.org/emoji-regex cache-miss
544 http fetch GET 200 https://registry.npmjs.org/strip-ansi 233ms (cache miss)
545 silly packumentCache full:https://registry.npmjs.org/strip-ansi set size:undefined disposed:false
546 silly fetch manifest is-fullwidth-code-point@^3.0.0
547 silly packumentCache full:https://registry.npmjs.org/is-fullwidth-code-point cache-miss
548 http fetch GET 200 https://registry.npmjs.org/path-exists 243ms (cache miss)
549 silly packumentCache full:https://registry.npmjs.org/path-exists set size:undefined disposed:false
550 silly fetch manifest camelcase@^5.0.0
551 silly packumentCache full:https://registry.npmjs.org/camelcase cache-miss
552 http fetch GET 200 https://registry.npmjs.org/emoji-regex 240ms (cache miss)
553 silly packumentCache full:https://registry.npmjs.org/emoji-regex set size:undefined disposed:false
554 http fetch GET 200 https://registry.npmjs.org/is-fullwidth-code-point 303ms (cache miss)
555 silly packumentCache full:https://registry.npmjs.org/is-fullwidth-code-point set size:undefined disposed:false
556 http fetch GET 200 https://registry.npmjs.org/camelcase 300ms (cache miss)
557 silly packumentCache full:https://registry.npmjs.org/camelcase set size:undefined disposed:false
558 silly placeDep ROOT strip-ansi@6.0.1 OK for: cliui@6.0.0 want: ^6.0.0
559 silly placeDep ROOT wrap-ansi@6.2.0 OK for: cliui@6.0.0 want: ^6.2.0
560 silly fetch manifest ansi-regex@^5.0.1
561 silly packumentCache full:https://registry.npmjs.org/ansi-regex cache-miss
562 silly fetch manifest ansi-styles@^4.0.0
563 silly packumentCache full:https://registry.npmjs.org/ansi-styles cache-miss
564 http fetch GET 200 https://registry.npmjs.org/ansi-styles 187ms (cache miss)
565 silly packumentCache full:https://registry.npmjs.org/ansi-styles set size:undefined disposed:false
566 http fetch GET 200 https://registry.npmjs.org/ansi-regex 189ms (cache miss)
567 silly packumentCache full:https://registry.npmjs.org/ansi-regex set size:undefined disposed:false
568 silly placeDep ROOT locate-path@5.0.0 OK for: find-up@4.1.0 want: ^5.0.0
569 silly placeDep ROOT path-exists@4.0.0 OK for: find-up@4.1.0 want: ^4.0.0
570 silly fetch manifest p-locate@^4.1.0
571 silly packumentCache full:https://registry.npmjs.org/p-locate cache-miss
572 http fetch GET 200 https://registry.npmjs.org/p-locate 203ms (cache miss)
573 silly packumentCache full:https://registry.npmjs.org/p-locate set size:undefined disposed:false
574 silly placeDep ROOT p-locate@4.1.0 OK for: locate-path@5.0.0 want: ^4.1.0
575 silly fetch manifest p-limit@^2.2.0
576 silly packumentCache full:https://registry.npmjs.org/p-limit cache-miss
577 http fetch GET 200 https://registry.npmjs.org/p-limit 204ms (cache miss)
578 silly packumentCache full:https://registry.npmjs.org/p-limit set size:undefined disposed:false
579 silly placeDep ROOT p-limit@2.3.0 OK for: p-locate@4.1.0 want: ^2.2.0
580 silly fetch manifest p-try@^2.0.0
581 silly packumentCache full:https://registry.npmjs.org/p-try cache-miss
582 http fetch GET 200 https://registry.npmjs.org/p-try 105ms (cache miss)
583 silly packumentCache full:https://registry.npmjs.org/p-try set size:undefined disposed:false
584 silly placeDep ROOT p-try@2.2.0 OK for: p-limit@2.3.0 want: ^2.0.0
585 silly placeDep ROOT emoji-regex@8.0.0 OK for: string-width@4.2.3 want: ^8.0.0
586 silly placeDep ROOT is-fullwidth-code-point@3.0.0 OK for: string-width@4.2.3 want: ^3.0.0
587 silly placeDep ROOT ansi-regex@5.0.1 OK for: strip-ansi@6.0.1 want: ^5.0.1
588 silly placeDep ROOT ansi-styles@4.3.0 OK for: wrap-ansi@6.2.0 want: ^4.0.0
589 silly fetch manifest color-convert@^2.0.1
590 silly packumentCache full:https://registry.npmjs.org/color-convert cache-miss
591 http fetch GET 200 https://registry.npmjs.org/color-convert 127ms (cache miss)
592 silly packumentCache full:https://registry.npmjs.org/color-convert set size:undefined disposed:false
593 silly placeDep ROOT color-convert@2.0.1 OK for: ansi-styles@4.3.0 want: ^2.0.1
594 silly fetch manifest color-name@~1.1.4
595 silly packumentCache full:https://registry.npmjs.org/color-name cache-miss
596 http fetch GET 200 https://registry.npmjs.org/color-name 252ms (cache miss)
597 silly packumentCache full:https://registry.npmjs.org/color-name set size:undefined disposed:false
598 silly placeDep ROOT color-name@1.1.4 OK for: color-convert@2.0.1 want: ~1.1.4
599 silly placeDep ROOT camelcase@5.3.1 OK for: yargs-parser@18.1.3 want: ^5.0.0
600 silly placeDep node_modules/multer media-typer@0.3.0 OK for: type-is@1.6.18 want: 0.3.0
601 silly placeDep node_modules/multer mime-types@2.1.35 OK for: type-is@1.6.18 want: ~2.1.24
602 silly fetch manifest mime-db@1.52.0
603 silly packumentCache full:https://registry.npmjs.org/mime-db cache-miss
604 http cache https://registry.npmjs.org/mime-db 9ms (cache hit)
605 silly packumentCache full:https://registry.npmjs.org/mime-db set size:164953 disposed:false
606 silly placeDep node_modules/multer mime-db@1.52.0 OK for: mime-types@2.1.35 want: 1.52.0
607 verbose stack HttpErrorGeneral: 404 Not Found - GET https://registry.npmjs.org/mangoose - Not found
607 verbose stack     at /usr/share/nodejs/npm/node_modules/npm-registry-fetch/lib/check-response.js:103:15
607 verbose stack     at process.processTicksAndRejections (node:internal/process/task_queues:104:5)
607 verbose stack     at async RegistryFetcher.packument (/usr/share/nodejs/pacote/lib/registry.js:90:19)
607 verbose stack     at async RegistryFetcher.manifest (/usr/share/nodejs/pacote/lib/registry.js:128:23)
607 verbose stack     at async #fetchManifest (/usr/share/nodejs/@npmcli/arborist/lib/arborist/build-ideal-tree.js:1299:20)
607 verbose stack     at async #nodeFromEdge (/usr/share/nodejs/@npmcli/arborist/lib/arborist/build-ideal-tree.js:1134:19)
607 verbose stack     at async #buildDepStep (/usr/share/nodejs/@npmcli/arborist/lib/arborist/build-ideal-tree.js:978:15)
607 verbose stack     at async Arborist.buildIdealTree (/usr/share/nodejs/@npmcli/arborist/lib/arborist/build-ideal-tree.js:178:7)
607 verbose stack     at async Promise.all (index 1)
607 verbose stack     at async Arborist.reify (/usr/share/nodejs/@npmcli/arborist/lib/arborist/reify.js:112:5)
608 verbose statusCode 404
609 verbose pkgid mangoose@*
610 error code E404
611 error 404 Not Found - GET https://registry.npmjs.org/mangoose - Not found
612 error 404
613 error 404  The requested resource 'mangoose@*' could not be found or you do not have permission to access it.
614 error 404
615 error 404 Note that you can also install from a
616 error 404 tarball, folder, http url, or git url.
617 silly unfinished npm timer reify 1781093662267
618 silly unfinished npm timer reify:loadTrees 1781093662269
619 verbose cwd /home/gowtham/QR
620 verbose os Linux 6.18.12+kali-amd64
621 verbose node v24.15.0
622 verbose npm  v11.16.0
623 verbose exit 1
624 verbose code 1
625 error A complete log of this run can be found in: /home/gowtham/.npm/_logs/2026-06-10T12_14_21_967Z-debug-0.log
