0 verbose cli /usr/bin/node /usr/bin/npm
1 info using npm@11.16.0
2 info using node@v24.15.0
3 silly config load:file:/usr/share/nodejs/npm/npmrc
4 silly config load:file:/home/gowtham/QR/.npmrc
5 silly config load:file:/home/gowtham/.npmrc
6 silly config load:file:/etc/npmrc
7 verbose title npm install express ejs
8 verbose argv "install" "express" "ejs"
9 verbose logfile logs-max:10 dir:/home/gowtham/.npm/_logs/2026-06-10T14_26_42_747Z-
10 verbose logfile /home/gowtham/.npm/_logs/2026-06-10T14_26_42_747Z-debug-0.log
11 silly logfile done cleaning log files
12 silly packumentCache heap:1134297088 maxSize:283574272 maxEntrySize:141787136
13 silly idealTree buildDeps
14 silly fetch manifest ejs@^6.0.1
15 silly packumentCache full:https://registry.npmjs.org/ejs cache-miss
16 http fetch GET 200 https://registry.npmjs.org/ejs 1067ms (cache revalidated)
17 silly packumentCache full:https://registry.npmjs.org/ejs set size:152089 disposed:false
18 silly fetch manifest express@^5.2.1
19 silly packumentCache full:https://registry.npmjs.org/express cache-miss
20 http fetch GET 200 https://registry.npmjs.org/express 130ms (cache revalidated)
21 silly packumentCache full:https://registry.npmjs.org/express set size:804947 disposed:false
22 silly placeDep ROOT ejs@6.0.1 REPLACE for: qr@1.0.0 want: ^6.0.1
23 silly placeDep ROOT express@5.2.1 REPLACE for: qr@1.0.0 want: ^5.2.1
24 silly reify moves {}
25 silly audit bulk request {
25 silly audit   '@mongodb-js/saslprep': [ '1.4.11' ],
25 silly audit   '@types/webidl-conversions': [ '7.0.3' ],
25 silly audit   '@types/whatwg-url': [ '13.0.0' ],
25 silly audit   accepts: [ '2.0.0' ],
25 silly audit   'ansi-regex': [ '5.0.1' ],
25 silly audit   'ansi-styles': [ '4.3.0' ],
25 silly audit   'append-field': [ '1.0.0' ],
25 silly audit   'body-parser': [ '2.2.2' ],
25 silly audit   bson: [ '7.2.0' ],
25 silly audit   'buffer-from': [ '1.1.2' ],
25 silly audit   busboy: [ '1.6.0' ],
25 silly audit   bytes: [ '3.1.2' ],
25 silly audit   'call-bind-apply-helpers': [ '1.0.2' ],
25 silly audit   'call-bound': [ '1.0.4' ],
25 silly audit   camelcase: [ '5.3.1' ],
25 silly audit   cliui: [ '6.0.0' ],
25 silly audit   'color-convert': [ '2.0.1' ],
25 silly audit   'color-name': [ '1.1.4' ],
25 silly audit   'concat-stream': [ '2.0.0' ],
25 silly audit   'content-disposition': [ '1.1.0' ],
25 silly audit   'content-type': [ '1.0.5', '2.0.0' ],
25 silly audit   cookie: [ '0.7.2' ],
25 silly audit   'cookie-signature': [ '1.2.2' ],
25 silly audit   debug: [ '4.4.3' ],
25 silly audit   decamelize: [ '1.2.0' ],
25 silly audit   depd: [ '2.0.0' ],
25 silly audit   dijkstrajs: [ '1.0.3' ],
25 silly audit   'dunder-proto': [ '1.0.1' ],
25 silly audit   'ee-first': [ '1.1.1' ],
25 silly audit   'emoji-regex': [ '8.0.0' ],
25 silly audit   encodeurl: [ '2.0.0' ],
25 silly audit   'es-define-property': [ '1.0.1' ],
25 silly audit   'es-errors': [ '1.3.0' ],
25 silly audit   'es-object-atoms': [ '1.1.2' ],
25 silly audit   'escape-html': [ '1.0.3' ],
25 silly audit   etag: [ '1.8.1' ],
25 silly audit   finalhandler: [ '2.1.1' ],
25 silly audit   'find-up': [ '4.1.0' ],
25 silly audit   forwarded: [ '0.2.0' ],
25 silly audit   fresh: [ '2.0.0' ],
25 silly audit   'function-bind': [ '1.1.2' ],
25 silly audit   'get-caller-file': [ '2.0.5' ],
25 silly audit   'get-intrinsic': [ '1.3.0' ],
25 silly audit   'get-proto': [ '1.0.1' ],
25 silly audit   gopd: [ '1.2.0' ],
25 silly audit   'has-symbols': [ '1.1.0' ],
25 silly audit   hasown: [ '2.0.4' ],
25 silly audit   'http-errors': [ '2.0.1' ],
25 silly audit   'iconv-lite': [ '0.7.2' ],
25 silly audit   inherits: [ '2.0.4' ],
25 silly audit   'ipaddr.js': [ '1.9.1' ],
25 silly audit   'is-fullwidth-code-point': [ '3.0.0' ],
25 silly audit   'is-promise': [ '4.0.0' ],
25 silly audit   kareem: [ '3.3.0' ],
25 silly audit   'locate-path': [ '5.0.0' ],
25 silly audit   'math-intrinsics': [ '1.1.0' ],
25 silly audit   'media-typer': [ '1.1.0', '0.3.0' ],
25 silly audit   'memory-pager': [ '1.5.0' ],
25 silly audit   'merge-descriptors': [ '2.0.0' ],
25 silly audit   'mime-db': [ '1.54.0', '1.52.0' ],
25 silly audit   'mime-types': [ '3.0.2', '2.1.35' ],
25 silly audit   mongodb: [ '7.2.0' ],
25 silly audit   'mongodb-connection-string-url': [ '7.0.1' ],
25 silly audit   mongoose: [ '9.7.0' ],
25 silly audit   mpath: [ '0.9.0' ],
25 silly audit   mquery: [ '6.0.0' ],
25 silly audit   ms: [ '2.1.3' ],
25 silly audit   multer: [ '2.1.1' ],
25 silly audit   'type-is': [ '1.6.18', '2.1.0' ],
25 silly audit   negotiator: [ '1.0.0' ],
25 silly audit   'object-inspect': [ '1.13.4' ],
25 silly audit   'on-finished': [ '2.4.1' ],
25 silly audit   once: [ '1.4.0' ],
25 silly audit   'p-limit': [ '2.3.0' ],
25 silly audit   'p-locate': [ '4.1.0' ],
25 silly audit   'p-try': [ '2.2.0' ],
25 silly audit   parseurl: [ '1.3.3' ],
25 silly audit   'path-exists': [ '4.0.0' ],
25 silly audit   'path-to-regexp': [ '8.4.2' ],
25 silly audit   pngjs: [ '5.0.0' ],
25 silly audit   'proxy-addr': [ '2.0.7' ],
25 silly audit   punycode: [ '2.3.1' ],
25 silly audit   qrcode: [ '1.5.4' ],
25 silly audit   qs: [ '6.15.2' ],
25 silly audit   'range-parser': [ '1.2.1' ],
25 silly audit   'raw-body': [ '3.0.2' ],
25 silly audit   'readable-stream': [ '3.6.2' ],
25 silly audit   'require-directory': [ '2.1.1' ],
25 silly audit   'require-main-filename': [ '2.0.0' ],
25 silly audit   router: [ '2.2.0' ],
25 silly audit   'safe-buffer': [ '5.2.1' ],
25 silly audit   'safer-buffer': [ '2.1.2' ],
25 silly audit   send: [ '1.2.1' ],
25 silly audit   'serve-static': [ '2.2.1' ],
25 silly audit   'set-blocking': [ '2.0.0' ],
25 silly audit   setprototypeof: [ '1.2.0' ],
25 silly audit   'side-channel': [ '1.1.1' ],
25 silly audit   'side-channel-list': [ '1.0.1' ],
25 silly audit   'side-channel-map': [ '1.0.1' ],
25 silly audit   'side-channel-weakmap': [ '1.0.2' ],
25 silly audit   sift: [ '17.1.3' ],
25 silly audit   'sparse-bitfield': [ '3.0.3' ],
25 silly audit   statuses: [ '2.0.2' ],
25 silly audit   streamsearch: [ '1.1.0' ],
25 silly audit   string_decoder: [ '1.3.0' ],
25 silly audit   'string-width': [ '4.2.3' ],
25 silly audit   'strip-ansi': [ '6.0.1' ],
25 silly audit   toidentifier: [ '1.0.1' ],
25 silly audit   tr46: [ '5.1.1' ],
25 silly audit   typedarray: [ '0.0.6' ],
25 silly audit   unpipe: [ '1.0.0' ],
25 silly audit   'util-deprecate': [ '1.0.2' ],
25 silly audit   vary: [ '1.1.2' ],
25 silly audit   'webidl-conversions': [ '7.0.0' ],
25 silly audit   'whatwg-url': [ '14.2.0' ],
25 silly audit   'which-module': [ '2.0.1' ],
25 silly audit   'wrap-ansi': [ '6.2.0' ],
25 silly audit   wrappy: [ '1.0.2' ],
25 silly audit   y18n: [ '4.0.3' ],
25 silly audit   yargs: [ '15.4.1' ],
25 silly audit   'yargs-parser': [ '18.1.3' ],
25 silly audit   ejs: [ '6.0.1' ],
25 silly audit   express: [ '5.2.1' ]
25 silly audit }
26 http fetch POST 200 https://registry.npmjs.org/-/npm/v1/security/advisories/bulk 464ms
27 silly audit report {}
28 verbose cwd /home/gowtham/QR
29 verbose os Linux 6.18.12+kali-amd64
30 verbose node v24.15.0
31 verbose npm  v11.16.0
32 verbose exit 0
33 info ok
