0 verbose cli /usr/bin/node /usr/bin/npm
1 info using npm@11.16.0
2 info using node@v24.15.0
3 silly config load:file:/usr/share/nodejs/npm/npmrc
4 silly config load:file:/home/gowtham/QR/.npmrc
5 silly config load:file:/home/gowtham/.npmrc
6 silly config load:file:/etc/npmrc
7 verbose title npm init
8 verbose argv "init" "--yes"
9 verbose logfile logs-max:10 dir:/home/gowtham/.npm/_logs/2026-06-10T12_12_13_784Z-
10 verbose logfile /home/gowtham/.npm/_logs/2026-06-10T12_12_13_784Z-debug-0.log
11 silly logfile done cleaning log files
12 silly package data {
12 silly package data   name: 'qr',
12 silly package data   version: '1.0.0',
12 silly package data   description: '',
12 silly package data   main: 'index.js',
12 silly package data   scripts: { test: 'echo "Error: no test specified" && exit 1' },
12 silly package data   keywords: [],
12 silly package data   author: '',
12 silly package data   license: 'ISC',
12 silly package data   type: 'commonjs'
12 silly package data }
13 verbose cwd /home/gowtham/QR
14 verbose os Linux 6.18.12+kali-amd64
15 verbose node v24.15.0
16 verbose npm  v11.16.0
17 verbose exit 0
18 info ok
